Sun Jul 21 21:24:26 EDT 2024
Loading compiler version 2023.0.0
Loading tbb version 2021.8.0
Loading compiler-rt version 2023.0.0
Loading oclfpga version 2023.0.0
  Load "debugger" to debug DPC++ applications with the gdb-oneapi debugger.
  Load "dpl" for additional DPC++ APIs: https://github.com/oneapi-src/oneDPL
Loading mpi version 2021.8.0
Created iopt in unit 20; assume normal run
Touched unit 9 (outres)


 Parallel Execution: Process Information
 ==============================================================================
 Rank   Node Name                              NodeID   MyNodeRank  NodeMaster
    0   p-bc-5088                                 0          0          0
    1   p-bc-5088                                 0          1         -1
    2   p-bc-5088                                 0          2         -1
    3   p-bc-5088                                 0          3         -1
    4   p-bc-5088                                 0          4         -1
    5   p-bc-5088                                 0          5         -1
    6   p-bc-5088                                 0          6         -1
    7   p-bc-5088                                 0          7         -1
    8   p-bc-5088                                 0          8         -1
    9   p-bc-5088                                 0          9         -1
 ==============================================================================


May use up to 30657MB of RAM as shared memory on node 0
 MPI rank    0: Number of processors available to this process:      1
 MPI rank    1: Number of processors available to this process:      1
 MPI rank    1: Default max number of OpenMP threads:                1
 MPI rank    1: The OMP_NUM_THREADS environment variable is not set!
 MPI rank    2: Number of processors available to this process:      1
 MPI rank    2: Default max number of OpenMP threads:                1
 MPI rank    2: The OMP_NUM_THREADS environment variable is not set!
 MPI rank    3: Number of processors available to this process:      1
 MPI rank    3: Default max number of OpenMP threads:                1
 MPI rank    3: The OMP_NUM_THREADS environment variable is not set!
 MPI rank    4: Number of processors available to this process:      1
 MPI rank    4: Default max number of OpenMP threads:                1
 MPI rank    4: The OMP_NUM_THREADS environment variable is not set!
 MPI rank    5: Number of processors available to this process:      1
 MPI rank    5: Default max number of OpenMP threads:                1
 MPI rank    5: The OMP_NUM_THREADS environment variable is not set!
 MPI rank    6: Number of processors available to this process:      1
 MPI rank    6: Default max number of OpenMP threads:                1
 MPI rank    6: The OMP_NUM_THREADS environment variable is not set!
 MPI rank    7: Number of processors available to this process:      1
 MPI rank    7: Default max number of OpenMP threads:                1
 MPI rank    7: The OMP_NUM_THREADS environment variable is not set!
 MPI rank    8: Number of processors available to this process:      1
 MPI rank    8: Default max number of OpenMP threads:                1
 MPI rank    8: The OMP_NUM_THREADS environment variable is not set!
 MPI rank    9: Number of processors available to this process:      1
 MPI rank    9: Default max number of OpenMP threads:                1
 MPI rank    9: The OMP_NUM_THREADS environment variable is not set!
 MPI rank    0: Default max number of OpenMP threads:                1
 MPI rank    0: The OMP_NUM_THREADS environment variable is not set!

 *******************************************************************************
 *                                                                             *
 *  --------------------------------                                           *
 *   Amsterdam Modeling Suite (AMS)              2023.103                      *
 *  --------------------------------                                           *
 *                                               r114206 2023-08-04            *
 *                                                                             *
 *                                                                             *
 *                             ===================                             *
 *                             |                 |                             *
 *                             |     R E A X     |                             *
 *                             |                 |                             *
 *                             ===================                             *
 *                                                                             *
 *                                                                             *
 *   Online information and documentation:  https://www.scm.com/support/       *
 *   E-mail:  support@scm.com   info@scm.com                                   *
 *                                                                             *
 *   Scientific publications using AMS results must be properly referenced     *
 *   See the User Manuals (or the web site) for recommended citations          *
 *   The terms and conditions of the End User License Agreement apply to       *
 *   the use of AMS, https://www.scm.com/license-terms/                        *
 *                                                                             *
 **********************  x86_64_linux_intel / intelmpi  ************************
 
 Licensed to: Dr. Adri van Duin / Site license Penn State / University Park / PA / USA 2024-04-29 15:35:06
 SCM User ID: u20919
  
 REAX 2023.103  RunTime: Jul21-2024 21:24:29  ShM Nodes: 1  Procs: 10

 Temporary files are created in /tmp/kid_0.1466109362 (0x58465342)


 Communication costs MPI_COMM_WORLD:      2.145 usec per message,   0.0239 usec per 8-byte item
 Communication costs for intra-node:      2.123 usec per message,   0.0239 usec per 8-byte item

Force field identifier: Reactive MD-force field: 5/25/2022 Preli
 Triple bond stabilization enabled for C-O only
 Non-bonding interaction type[nonbontype]:
 Inner wall, shielding:
 Using original formula for torsion angles that has discontinuties
 Before removing unused force-field parameters we have:
          54  covalent bond types
         130  valence angle types
          57  torsion angle types
           4  hydrogen bond types
 The following atom types will be used: C  S  Mo
 After removing unused force-field parameters we have:
           9  covalent bond types
          13  valence angle types
          11  torsion angle types
           0  hydrogen bond types
Geometry identifier: 63.84440000 55.29160                    
Rank   volume(%)   N atoms
   0       18.08       302
   1       18.00       303
   2        6.16       313
   3        6.14       298
   4        0.85       297
   5        0.85       308
   6        2.13       300
   7        2.13       308
   8       22.88       302
   9       22.78       295
Unit cell division (XYZ):    2    1    5
My region size in cell units  0.50100000  1.00000000  0.36080000
Ghost region in cell units    0.19578851  0.22607412  0.12500000
Total space in cell units     0.89257702  1.45214825  0.61080000
 Local atoms:         302 , including ghost atoms:        1346
 Local Verlet list:       59938 local (incl my-other) pairs,         0 self-pairs     23980 foreign my-other pairs,     30562 foreign other-other pairs
     Total cpu time:       0.00
  Total system time:       0.00
 Total elapsed time:       0.00
 
================================================================================
   User CPU   Sys CPU   Elapsed   Ncall   Timer Name
================================================================================
      0.00      0.00      0.00       1   reax
    828.31     93.01    923.94        pp/reax
      0.04      0.03      0.24       1   reax/ppinit
      0.00      0.00      0.00        pp/reax/ppinit
      0.00      0.00      0.00       1   reax/reac
    828.31     93.01    923.94        pp/reax/reac
      0.03      0.01      0.04       1   reax/reac/CreateVerletList
      0.03      0.01      0.04        pp/reax/reac/CreateVerletList
      0.01      0.00      0.02       1   reax/reac/Crea/DistributeAtoms2
      0.01      0.00      0.02        pp/reax/reac/Crea/DistributeAtoms2
      0.01      0.00      0.02       1   reax/reac/Crea/Dist/pp
      0.01      0.00      0.02        pp/reax/reac/Crea/Dist/pp
      0.01      0.00      0.01       1   reax/reac/Crea/Dist/pp/MakeNeighborList
      0.01      0.00      0.01        pp/reax/reac/Crea/Dist/pp/MakeNeighborList
      0.01      0.00      0.01       1   reax/reac/Crea/Dist/pp/Make/pp
      0.01      0.00      0.01        pp/reax/reac/Crea/Dist/pp/Make/pp
      0.01      0.00      0.01       1   reax/reac/Crea/Dist/pp/Make/pp/NeighborList
      0.01      0.00      0.01        pp/reax/reac/Crea/Dist/pp/Make/pp/NeighborList
      0.00      0.00      0.00       1   reax/reac/Crea/Dist/pp/Make/pp/Neig/AtomsOverCells
      0.00      0.00      0.00        pp/reax/reac/Crea/Dist/pp/Make/pp/Neig/AtomsOverCells
      0.02      0.01      0.03       1   reax/reac/Crea/pp
      0.02      0.01      0.03        pp/reax/reac/Crea/pp
    150.53     11.04    162.07   18157   reax/reac/srtbon1
    150.06     11.03    161.59        pp/reax/reac/srtbon1
    150.06     11.03    161.59   36314   reax/reac/srtb/pp
    150.06     11.03    161.59        pp/reax/reac/srtb/pp
      6.93      0.02      6.97   18157   reax/reac/srtb/pp/ConnTable
      6.93      0.02      6.97        pp/reax/reac/srtb/pp/ConnTable
    679.56     82.12    763.84   18157   reax/reac/encalc
    661.98     81.56    745.58        pp/reax/reac/encalc
      0.09      0.03      0.20       1   reax/reac/enca/pp
      0.09      0.03      0.20        pp/reax/reac/enca/pp
      0.01      0.00      0.02       1   reax/reac/enca/pp/charges
      0.01      0.00      0.02        pp/reax/reac/enca/pp/charges
      0.01      0.00      0.02       1   reax/reac/enca/pp/char/chargest_sparse4
      0.01      0.00      0.02        pp/reax/reac/enca/pp/char/chargest_sparse4
      0.01      0.00      0.02       1   reax/reac/enca/pp/char/char/pp
      0.01      0.00      0.02        pp/reax/reac/enca/pp/char/char/pp
      0.01      0.00      0.01       1   reax/reac/enca/pp/char/char/pp/cgsolve_square_minus1
      0.01      0.00      0.01        pp/reax/reac/enca/pp/char/char/pp/cgsolve_square_minus1
      0.00      0.00      0.00       1   reax/reac/enca/pp/char/char/pp/cgso/MakeSendRecvLists
      0.00      0.00      0.00        pp/reax/reac/enca/pp/char/char/pp/cgso/MakeSendRecvLists
      0.00      0.00      0.00      45   reax/reac/enca/pp/char/char/pp/cgso/dcsrgemv
      0.00      0.00      0.00        pp/reax/reac/enca/pp/char/char/pp/cgso/dcsrgemv
      0.00      0.00      0.00      44   reax/reac/enca/pp/char/char/pp/cgso/comm
      0.00      0.00      0.00        pp/reax/reac/enca/pp/char/char/pp/cgso/comm
      0.00      0.00      0.00      44   reax/reac/enca/pp/char/char/pp/cgso/reduce
      0.00      0.00      0.00        pp/reax/reac/enca/pp/char/char/pp/cgso/reduce
      0.00      0.00      0.00       1   reax/reac/enca/pp/char/char/pp/cgso/ppgdvc
      0.00      0.00      0.00        pp/reax/reac/enca/pp/char/char/pp/cgso/ppgdvc
      0.00      0.00      0.00       1   reax/reac/enca/pp/char/char/pp/cgso/ppgd/ww
      0.00      0.00      0.00        pp/reax/reac/enca/pp/char/char/pp/cgso/ppgd/ww
      0.00      0.00      0.00       1   reax/reac/enca/pp/NewEReaxff
      0.00      0.00      0.00        pp/reax/reac/enca/pp/NewEReaxff
      0.00      0.00      0.00       1   reax/reac/enca/pp/elepos
      0.00      0.00      0.00        pp/reax/reac/enca/pp/elepos
      0.00      0.00      0.00       1   reax/reac/enca/pp/elep/pp
      0.00      0.00      0.00        pp/reax/reac/enca/pp/elep/pp
      0.00      0.00      0.01       1   reax/reac/enca/pp/boncor
      0.00      0.00      0.01        pp/reax/reac/enca/pp/boncor
      0.00      0.00      0.01       1   reax/reac/enca/pp/bonc/pp
      0.00      0.00      0.01        pp/reax/reac/enca/pp/bonc/pp
      0.00      0.00      0.00       1   reax/reac/enca/pp/covbon
      0.00      0.00      0.00        pp/reax/reac/enca/pp/covbon
      0.00      0.00      0.00       1   reax/reac/enca/pp/covb/pp
      0.00      0.00      0.00        pp/reax/reac/enca/pp/covb/pp
      0.00      0.00      0.00       5   reax/reac/enca/pp/BO2Atoms
      0.00      0.00      0.00        pp/reax/reac/enca/pp/BO2Atoms
      0.00      0.00      0.00       5   reax/reac/enca/pp/BO2A/pp
      0.00      0.00      0.00        pp/reax/reac/enca/pp/BO2A/pp
      0.02      0.00      0.03       7   reax/reac/enca/pp/CombineAndAddForce
      0.02      0.00      0.03        pp/reax/reac/enca/pp/CombineAndAddForce
      0.02      0.00      0.03       8   reax/reac/enca/pp/Comb/pp
      0.02      0.00      0.03        pp/reax/reac/enca/pp/Comb/pp
      0.00      0.00      0.00       1   reax/reac/enca/pp/lonpar
      0.00      0.00      0.00        pp/reax/reac/enca/pp/lonpar
      0.00      0.00      0.00       1   reax/reac/enca/pp/lonp/pp
      0.00      0.00      0.00        pp/reax/reac/enca/pp/lonp/pp
      0.00      0.00      0.00       1   reax/reac/enca/pp/ovcor
      0.00      0.00      0.00        pp/reax/reac/enca/pp/ovcor
      0.00      0.00      0.00       1   reax/reac/enca/pp/ovco/pp
      0.00      0.00      0.00        pp/reax/reac/enca/pp/ovco/pp
      0.00      0.00      0.00       4   reax/reac/enca/pp/vlgrad
      0.00      0.00      0.00        pp/reax/reac/enca/pp/vlgrad
      0.00      0.00      0.00       4   reax/reac/enca/pp/vlgr/pp
      0.00      0.00      0.00        pp/reax/reac/enca/pp/vlgr/pp
      0.00      0.00      0.00       1   reax/reac/enca/pp/srtang
      0.00      0.00      0.00        pp/reax/reac/enca/pp/srtang
      0.00      0.00      0.00       1   reax/reac/enca/pp/srta/pp
      0.00      0.00      0.00        pp/reax/reac/enca/pp/srta/pp
      0.00      0.00      0.00       1   reax/reac/enca/pp/srttor
      0.00      0.00      0.00        pp/reax/reac/enca/pp/srttor
      0.00      0.00      0.00       1   reax/reac/enca/pp/srtt/pp
      0.00      0.00      0.00        pp/reax/reac/enca/pp/srtt/pp
      0.00      0.00      0.00       1   reax/reac/enca/pp/srthb
      0.00      0.00      0.00        pp/reax/reac/enca/pp/srthb
      0.00      0.00      0.00       1   reax/reac/enca/pp/srth/pp
      0.00      0.00      0.00        pp/reax/reac/enca/pp/srth/pp
      0.00      0.00      0.00       1   reax/reac/enca/pp/valang
      0.00      0.00      0.00        pp/reax/reac/enca/pp/valang
      0.00      0.00      0.00       1   reax/reac/enca/pp/vala/pp
      0.00      0.00      0.00        pp/reax/reac/enca/pp/vala/pp
      0.00      0.00      0.00       1   reax/reac/enca/pp/hbond
      0.00      0.00      0.00        pp/reax/reac/enca/pp/hbond
      0.00      0.00      0.00       1   reax/reac/enca/pp/hbon/pp
      0.00      0.00      0.00        pp/reax/reac/enca/pp/hbon/pp
      0.00      0.00      0.00       1   reax/reac/enca/pp/torang
      0.00      0.00      0.00        pp/reax/reac/enca/pp/torang
      0.00      0.00      0.00       1   reax/reac/enca/pp/tora/pp
      0.00      0.00      0.00        pp/reax/reac/enca/pp/tora/pp
      0.01      0.00      0.06       2   reax/reac/enca/pp/nonbon
      0.01      0.00      0.06        pp/reax/reac/enca/pp/nonbon
      0.01      0.00      0.06       2   reax/reac/enca/pp/nonb/pp
      0.01      0.00      0.06        pp/reax/reac/enca/pp/nonb/pp
      0.00      0.00      0.00       1   reax/reac/enca/pp/CombineAndAddEnergy
      0.00      0.00      0.00        pp/reax/reac/enca/pp/CombineAndAddEnergy
      0.00      0.00      0.00       1   reax/reac/ConnTable
      0.00      0.00      0.00        pp/reax/reac/ConnTable
      0.00      0.00      0.00       2   reax/reac/pp
      0.00      0.00      0.00        pp/reax/reac/pp
      0.00      0.00      0.00       2   reax/reac/pp/GatherTotalConnTable
      0.00      0.00      0.00        pp/reax/reac/pp/GatherTotalConnTable
      0.00      0.00      0.00       2   reax/reac/pp/Gath/pp
      0.00      0.00      0.00        pp/reax/reac/pp/Gath/pp
      0.00      0.00      0.00      14   reax/reac/pp/Gath/pp/ppNodeBarrier
      0.00      0.00      0.00        pp/reax/reac/pp/Gath/pp/ppNodeBarrier
      0.00      0.00      0.00       2   reax/reac/pp/FindMolecules
      0.00      0.00      0.00        pp/reax/reac/pp/FindMolecules
     16.36      0.42     16.85   18156   reax/reac/UpdVlistDist
     16.24      0.41     16.72        pp/reax/reac/UpdVlistDist
     16.24      0.41     16.72   18156   reax/reac/UpdV/pp
     16.24      0.41     16.72        pp/reax/reac/UpdV/pp
      3.81      0.18      4.01   18156   reax/reac/enca/ConnTable
      0.00      0.00      0.00        pp/reax/reac/enca/ConnTable
     43.30      5.21     48.67   18156   reax/reac/enca/boncor
     43.19      5.20     48.54        pp/reax/reac/enca/boncor
     43.19      5.20     48.54   18156   reax/reac/enca/bonc/pp
     43.19      5.20     48.54        pp/reax/reac/enca/bonc/pp
      0.06      0.00      0.07   18156   reax/reac/enca/NewEReaxff
      0.00      0.00      0.00        pp/reax/reac/enca/NewEReaxff
      0.40      0.01      0.41   18156   reax/reac/enca/elepos
      0.33      0.01      0.34        pp/reax/reac/enca/elepos
      0.33      0.01      0.34   18156   reax/reac/enca/elep/pp
      0.33      0.01      0.34        pp/reax/reac/enca/elep/pp
      0.05      0.00      0.05   18156   reax/reac/enca/memalloc
      0.00      0.00      0.00        pp/reax/reac/enca/memalloc
      0.93      0.03      0.97   18156   reax/reac/enca/covbon
      0.86      0.03      0.89        pp/reax/reac/enca/covbon
      0.86      0.03      0.89   18156   reax/reac/enca/covb/pp
      0.86      0.03      0.89        pp/reax/reac/enca/covb/pp
      1.57      0.07      1.64   18156   reax/reac/enca/lonpar
      1.49      0.06      1.56        pp/reax/reac/enca/lonpar
      1.49      0.06      1.56   18156   reax/reac/enca/lonp/pp
      1.49      0.06      1.56        pp/reax/reac/enca/lonp/pp
      5.33      0.19      5.54   18156   reax/reac/enca/ovcor
      5.25      0.18      5.45        pp/reax/reac/enca/ovcor
      5.25      0.18      5.45   18156   reax/reac/enca/ovco/pp
      5.25      0.18      5.45        pp/reax/reac/enca/ovco/pp
      1.43      0.05      1.48   18156   reax/reac/enca/srtang
      1.35      0.05      1.39        pp/reax/reac/enca/srtang
      1.35      0.05      1.39   18156   reax/reac/enca/srta/pp
      1.35      0.05      1.39        pp/reax/reac/enca/srta/pp
      4.43      0.08      4.53   18156   reax/reac/enca/srttor
      4.35      0.08      4.44        pp/reax/reac/enca/srttor
      4.35      0.08      4.44   18156   reax/reac/enca/srtt/pp
      4.35      0.08      4.44        pp/reax/reac/enca/srtt/pp
      5.22      0.07      5.31   18156   reax/reac/enca/srthb
      5.14      0.07      5.23        pp/reax/reac/enca/srthb
      5.14      0.07      5.23   18156   reax/reac/enca/srth/pp
      5.14      0.07      5.23        pp/reax/reac/enca/srth/pp
     20.84      0.16     21.07   18156   reax/reac/enca/valang
     20.76      0.16     20.98        pp/reax/reac/enca/valang
     20.76      0.16     20.98   18156   reax/reac/enca/vala/pp
     20.76      0.16     20.98        pp/reax/reac/enca/vala/pp
     42.43      0.05     42.62   18156   reax/reac/enca/torang
     42.36      0.05     42.54        pp/reax/reac/enca/torang
     42.36      0.05     42.54   18156   reax/reac/enca/tora/pp
     42.36      0.05     42.54        pp/reax/reac/enca/tora/pp
      0.11      0.00      0.11   18156   reax/reac/enca/hbond
      0.04      0.00      0.04        pp/reax/reac/enca/hbond
      0.04      0.00      0.04   18156   reax/reac/enca/hbon/pp
      0.04      0.00      0.04        pp/reax/reac/enca/hbon/pp
    100.67      0.08    101.06   18156   reax/reac/enca/nonbon
    100.58      0.08    100.97        pp/reax/reac/enca/nonbon
    100.58      0.08    100.97   18156   reax/reac/enca/nonb/pp
    100.58      0.08    100.97        pp/reax/reac/enca/nonb/pp
     22.09      0.06     22.23   18156   reax/reac/enca/vlgrad
     22.00      0.06     22.13        pp/reax/reac/enca/vlgrad
     22.00      0.06     22.13   18156   reax/reac/enca/vlgr/pp
     22.00      0.06     22.13        pp/reax/reac/enca/vlgr/pp
      4.58      0.03      4.62   18156   reax/reac/enca/BO2Atoms
      4.49      0.03      4.53        pp/reax/reac/enca/BO2Atoms
      4.49      0.03      4.53   18156   reax/reac/enca/BO2A/pp
      4.49      0.03      4.53        pp/reax/reac/enca/BO2A/pp
      0.05      0.00      0.05   18156   reax/reac/enca/efield
      0.00      0.00      0.00        pp/reax/reac/enca/efield
    408.51     75.35    485.02   18156   reax/reac/enca/CombineAndAddForce
    408.41     75.34    484.91        pp/reax/reac/enca/CombineAndAddForce
    409.70     75.49    486.35   54468   reax/reac/enca/Comb/pp
    409.70     75.49    486.35        pp/reax/reac/enca/Comb/pp
      1.66      0.19      1.85   18156   reax/reac/enca/CombineAndAddEnergy
      1.29      0.15      1.44        pp/reax/reac/enca/CombineAndAddEnergy
      0.00      0.00      0.05       1   reax/reac/mdsavkf
      0.00      0.00      0.00        pp/reax/reac/mdsavkf
      0.00      0.00      0.00       1   reax/reac/mdsa/pp
      0.00      0.00      0.00        pp/reax/reac/mdsa/pp
      0.00      0.00      0.01       1   reax/reac/mdsa/molanal
      0.00      0.00      0.00        pp/reax/reac/mdsa/molanal
      0.00      0.00      0.00       2   reax/reac/mdsa/mola/savemol
      0.00      0.00      0.00        pp/reax/reac/mdsa/mola/savemol
================================================================================
Maximum Memory Usage:    111524 kilobytes
================================================================================
 NORMAL TERMINATION
NORMAL TERMINATION
