Bond order cutoff:0.3000
Iteration    Freq.   Molecular formula                 Molecular mass
       0        2 x  S800Mo400                            64024.0000
       0        1 x  C626                                  7512.0000
 Total number of molecules:           3
 Total number of atoms:            3026
 Total system mass:           135560.000000000     
Iteration    Freq.   Molecular formula                 Molecular mass
   10000        2 x  S800Mo400                            64024.0000
   10000        1 x  C626                                  7512.0000
 Total number of molecules:           3
 Total number of atoms:            3026
 Total system mass:           135560.000000000     
Iteration    Freq.   Molecular formula                 Molecular mass
   20000        2 x  S800Mo400                            64024.0000
   20000        1 x  C626                                  7512.0000
 Total number of molecules:           3
 Total number of atoms:            3026
 Total system mass:           135560.000000000     
Iteration    Freq.   Molecular formula                 Molecular mass
   30000        2 x  S800Mo400                            64024.0000
   30000        1 x  C626                                  7512.0000
 Total number of molecules:           3
 Total number of atoms:            3026
 Total system mass:           135560.000000000     
Iteration    Freq.   Molecular formula                 Molecular mass
   40000        2 x  S800Mo400                            64024.0000
   40000        1 x  C626                                  7512.0000
 Total number of molecules:           3
 Total number of atoms:            3026
 Total system mass:           135560.000000000     
Iteration    Freq.   Molecular formula                 Molecular mass
   50000        2 x  S800Mo400                            64024.0000
   50000        1 x  C626                                  7512.0000
 Total number of molecules:           3
 Total number of atoms:            3026
 Total system mass:           135560.000000000     
Iteration    Freq.   Molecular formula                 Molecular mass
   60000        2 x  S800Mo400                            64024.0000
   60000        1 x  C626                                  7512.0000
 Total number of molecules:           3
 Total number of atoms:            3026
 Total system mass:           135560.000000000     
Iteration    Freq.   Molecular formula                 Molecular mass
   70000        2 x  S800Mo400                            64024.0000
   70000        1 x  C626                                  7512.0000
 Total number of molecules:           3
 Total number of atoms:            3026
 Total system mass:           135560.000000000     
Iteration    Freq.   Molecular formula                 Molecular mass
   80000        2 x  S800Mo400                            64024.0000
   80000        1 x  C626                                  7512.0000
 Total number of molecules:           3
 Total number of atoms:            3026
 Total system mass:           135560.000000000     
Iteration    Freq.   Molecular formula                 Molecular mass
   90000        2 x  S800Mo400                            64024.0000
   90000        1 x  C626                                  7512.0000
 Total number of molecules:           3
 Total number of atoms:            3026
 Total system mass:           135560.000000000     
Iteration    Freq.   Molecular formula                 Molecular mass
  100000        2 x  S800Mo400                            64024.0000
  100000        1 x  C626                                  7512.0000
 Total number of molecules:           3
 Total number of atoms:            3026
 Total system mass:           135560.000000000     
Iteration    Freq.   Molecular formula                 Molecular mass
  110000        2 x  S800Mo400                            64024.0000
  110000        1 x  C626                                  7512.0000
 Total number of molecules:           3
 Total number of atoms:            3026
 Total system mass:           135560.000000000     
Iteration    Freq.   Molecular formula                 Molecular mass
  120000        2 x  S800Mo400                            64024.0000
  120000        1 x  C626                                  7512.0000
 Total number of molecules:           3
 Total number of atoms:            3026
 Total system mass:           135560.000000000     
Iteration    Freq.   Molecular formula                 Molecular mass
  130000        2 x  S800Mo400                            64024.0000
  130000        1 x  C626                                  7512.0000
 Total number of molecules:           3
 Total number of atoms:            3026
 Total system mass:           135560.000000000     
Iteration    Freq.   Molecular formula                 Molecular mass
  140000        2 x  S800Mo400                            64024.0000
  140000        1 x  C626                                  7512.0000
 Total number of molecules:           3
 Total number of atoms:            3026
 Total system mass:           135560.000000000     
Iteration    Freq.   Molecular formula                 Molecular mass
  150000        2 x  S800Mo400                            64024.0000
  150000        1 x  C626                                  7512.0000
 Total number of molecules:           3
 Total number of atoms:            3026
 Total system mass:           135560.000000000     
Iteration    Freq.   Molecular formula                 Molecular mass
  160000        2 x  S800Mo400                            64024.0000
  160000        1 x  C626                                  7512.0000
 Total number of molecules:           3
 Total number of atoms:            3026
 Total system mass:           135560.000000000     
Iteration    Freq.   Molecular formula                 Molecular mass
  170000        2 x  S800Mo400                            64024.0000
  170000        1 x  C626                                  7512.0000
 Total number of molecules:           3
 Total number of atoms:            3026
 Total system mass:           135560.000000000     
Iteration    Freq.   Molecular formula                 Molecular mass
  180000        2 x  S800Mo400                            64024.0000
  180000        1 x  C626                                  7512.0000
 Total number of molecules:           3
 Total number of atoms:            3026
 Total system mass:           135560.000000000     
Iteration    Freq.   Molecular formula                 Molecular mass
  190000        2 x  S800Mo400                            64024.0000
  190000        1 x  C626                                  7512.0000
 Total number of molecules:           3
 Total number of atoms:            3026
 Total system mass:           135560.000000000     
Iteration    Freq.   Molecular formula                 Molecular mass
  200000        2 x  S800Mo400                            64024.0000
  200000        1 x  C626                                  7512.0000
 Total number of molecules:           3
 Total number of atoms:            3026
 Total system mass:           135560.000000000     
Iteration    Freq.   Molecular formula                 Molecular mass
  210000        2 x  S800Mo400                            64024.0000
  210000        1 x  C626                                  7512.0000
 Total number of molecules:           3
 Total number of atoms:            3026
 Total system mass:           135560.000000000     
Iteration    Freq.   Molecular formula                 Molecular mass
  220000        2 x  S800Mo400                            64024.0000
  220000        1 x  C626                                  7512.0000
 Total number of molecules:           3
 Total number of atoms:            3026
 Total system mass:           135560.000000000     
Iteration    Freq.   Molecular formula                 Molecular mass
  230000        2 x  S800Mo400                            64024.0000
  230000        1 x  C626                                  7512.0000
 Total number of molecules:           3
 Total number of atoms:            3026
 Total system mass:           135560.000000000     
Iteration    Freq.   Molecular formula                 Molecular mass
  240000        2 x  S800Mo400                            64024.0000
  240000        1 x  C626                                  7512.0000
 Total number of molecules:           3
 Total number of atoms:            3026
 Total system mass:           135560.000000000     
Iteration    Freq.   Molecular formula                 Molecular mass
  250000        2 x  S800Mo400                            64024.0000
  250000        1 x  C626                                  7512.0000
 Total number of molecules:           3
 Total number of atoms:            3026
 Total system mass:           135560.000000000     
Iteration    Freq.   Molecular formula                 Molecular mass
  260000        2 x  S800Mo400                            64024.0000
  260000        1 x  C626                                  7512.0000
 Total number of molecules:           3
 Total number of atoms:            3026
 Total system mass:           135560.000000000     
Iteration    Freq.   Molecular formula                 Molecular mass
  270000        2 x  S800Mo400                            64024.0000
  270000        1 x  C626                                  7512.0000
 Total number of molecules:           3
 Total number of atoms:            3026
 Total system mass:           135560.000000000     
Iteration    Freq.   Molecular formula                 Molecular mass
  280000        2 x  S800Mo400                            64024.0000
  280000        1 x  C626                                  7512.0000
 Total number of molecules:           3
 Total number of atoms:            3026
 Total system mass:           135560.000000000     
Iteration    Freq.   Molecular formula                 Molecular mass
  290000        2 x  S800Mo400                            64024.0000
  290000        1 x  C626                                  7512.0000
 Total number of molecules:           3
 Total number of atoms:            3026
 Total system mass:           135560.000000000     
Iteration    Freq.   Molecular formula                 Molecular mass
  300000        2 x  S800Mo400                            64024.0000
  300000        1 x  C626                                  7512.0000
 Total number of molecules:           3
 Total number of atoms:            3026
 Total system mass:           135560.000000000     
Iteration    Freq.   Molecular formula                 Molecular mass
  310000        2 x  S800Mo400                            64024.0000
  310000        1 x  C626                                  7512.0000
 Total number of molecules:           3
 Total number of atoms:            3026
 Total system mass:           135560.000000000     
Iteration    Freq.   Molecular formula                 Molecular mass
  320000        2 x  S800Mo400                            64024.0000
  320000        1 x  C626                                  7512.0000
 Total number of molecules:           3
 Total number of atoms:            3026
 Total system mass:           135560.000000000     
Iteration    Freq.   Molecular formula                 Molecular mass
  330000        2 x  S800Mo400                            64024.0000
  330000        1 x  C626                                  7512.0000
 Total number of molecules:           3
 Total number of atoms:            3026
 Total system mass:           135560.000000000     
Iteration    Freq.   Molecular formula                 Molecular mass
  340000        2 x  S800Mo400                            64024.0000
  340000        1 x  C626                                  7512.0000
 Total number of molecules:           3
 Total number of atoms:            3026
 Total system mass:           135560.000000000     
Iteration    Freq.   Molecular formula                 Molecular mass
  350000        2 x  S800Mo400                            64024.0000
  350000        1 x  C626                                  7512.0000
 Total number of molecules:           3
 Total number of atoms:            3026
 Total system mass:           135560.000000000     
Iteration    Freq.   Molecular formula                 Molecular mass
  360000        2 x  S800Mo400                            64024.0000
  360000        1 x  C626                                  7512.0000
 Total number of molecules:           3
 Total number of atoms:            3026
 Total system mass:           135560.000000000     
Iteration    Freq.   Molecular formula                 Molecular mass
  370000        2 x  S800Mo400                            64024.0000
  370000        1 x  C626                                  7512.0000
 Total number of molecules:           3
 Total number of atoms:            3026
 Total system mass:           135560.000000000     
Iteration    Freq.   Molecular formula                 Molecular mass
  380000        2 x  S800Mo400                            64024.0000
  380000        1 x  C626                                  7512.0000
 Total number of molecules:           3
 Total number of atoms:            3026
 Total system mass:           135560.000000000     
Iteration    Freq.   Molecular formula                 Molecular mass
  390000        2 x  S800Mo400                            64024.0000
  390000        1 x  C626                                  7512.0000
 Total number of molecules:           3
 Total number of atoms:            3026
 Total system mass:           135560.000000000     
Iteration    Freq.   Molecular formula                 Molecular mass
  400000        2 x  S800Mo400                            64024.0000
  400000        1 x  C626                                  7512.0000
 Total number of molecules:           3
 Total number of atoms:            3026
 Total system mass:           135560.000000000     
Iteration    Freq.   Molecular formula                 Molecular mass
  410000        2 x  S800Mo400                            64024.0000
  410000        1 x  C626                                  7512.0000
 Total number of molecules:           3
 Total number of atoms:            3026
 Total system mass:           135560.000000000     
Iteration    Freq.   Molecular formula                 Molecular mass
  420000        2 x  S800Mo400                            64024.0000
  420000        1 x  C626                                  7512.0000
 Total number of molecules:           3
 Total number of atoms:            3026
 Total system mass:           135560.000000000     
Iteration    Freq.   Molecular formula                 Molecular mass
  430000        2 x  S800Mo400                            64024.0000
  430000        1 x  C626                                  7512.0000
 Total number of molecules:           3
 Total number of atoms:            3026
 Total system mass:           135560.000000000     
Iteration    Freq.   Molecular formula                 Molecular mass
  440000        2 x  S800Mo400                            64024.0000
  440000        1 x  C626                                  7512.0000
 Total number of molecules:           3
 Total number of atoms:            3026
 Total system mass:           135560.000000000     
Iteration    Freq.   Molecular formula                 Molecular mass
  450000        2 x  S800Mo400                            64024.0000
  450000        1 x  C626                                  7512.0000
 Total number of molecules:           3
 Total number of atoms:            3026
 Total system mass:           135560.000000000     
Iteration    Freq.   Molecular formula                 Molecular mass
  460000        2 x  S800Mo400                            64024.0000
  460000        1 x  C626                                  7512.0000
 Total number of molecules:           3
 Total number of atoms:            3026
 Total system mass:           135560.000000000     
Iteration    Freq.   Molecular formula                 Molecular mass
  470000        2 x  S800Mo400                            64024.0000
  470000        1 x  C626                                  7512.0000
 Total number of molecules:           3
 Total number of atoms:            3026
 Total system mass:           135560.000000000     
Iteration    Freq.   Molecular formula                 Molecular mass
  480000        2 x  S800Mo400                            64024.0000
  480000        1 x  C626                                  7512.0000
 Total number of molecules:           3
 Total number of atoms:            3026
 Total system mass:           135560.000000000     
Iteration    Freq.   Molecular formula                 Molecular mass
  490000        2 x  S800Mo400                            64024.0000
  490000        1 x  C626                                  7512.0000
 Total number of molecules:           3
 Total number of atoms:            3026
 Total system mass:           135560.000000000     
Iteration    Freq.   Molecular formula                 Molecular mass
  500000        2 x  S800Mo400                            64024.0000
  500000        1 x  C626                                  7512.0000
 Total number of molecules:           3
 Total number of atoms:            3026
 Total system mass:           135560.000000000     
Iteration    Freq.   Molecular formula                 Molecular mass
  510000        2 x  S800Mo400                            64024.0000
  510000        1 x  C626                                  7512.0000
 Total number of molecules:           3
 Total number of atoms:            3026
 Total system mass:           135560.000000000     
Iteration    Freq.   Molecular formula                 Molecular mass
  520000        2 x  S800Mo400                            64024.0000
  520000        1 x  C626                                  7512.0000
 Total number of molecules:           3
 Total number of atoms:            3026
 Total system mass:           135560.000000000     
Iteration    Freq.   Molecular formula                 Molecular mass
  530000        2 x  S800Mo400                            64024.0000
  530000        1 x  C626                                  7512.0000
 Total number of molecules:           3
 Total number of atoms:            3026
 Total system mass:           135560.000000000     
Iteration    Freq.   Molecular formula                 Molecular mass
  540000        2 x  S800Mo400                            64024.0000
  540000        1 x  C626                                  7512.0000
 Total number of molecules:           3
 Total number of atoms:            3026
 Total system mass:           135560.000000000     
Iteration    Freq.   Molecular formula                 Molecular mass
  550000        2 x  S800Mo400                            64024.0000
  550000        1 x  C626                                  7512.0000
 Total number of molecules:           3
 Total number of atoms:            3026
 Total system mass:           135560.000000000     
Iteration    Freq.   Molecular formula                 Molecular mass
  560000        2 x  S800Mo400                            64024.0000
  560000        1 x  C626                                  7512.0000
 Total number of molecules:           3
 Total number of atoms:            3026
 Total system mass:           135560.000000000     
Iteration    Freq.   Molecular formula                 Molecular mass
  570000        2 x  S800Mo400                            64024.0000
  570000        1 x  C626                                  7512.0000
 Total number of molecules:           3
 Total number of atoms:            3026
 Total system mass:           135560.000000000     
Iteration    Freq.   Molecular formula                 Molecular mass
  580000        2 x  S800Mo400                            64024.0000
  580000        1 x  C626                                  7512.0000
 Total number of molecules:           3
 Total number of atoms:            3026
 Total system mass:           135560.000000000     
Iteration    Freq.   Molecular formula                 Molecular mass
  590000        2 x  S800Mo400                            64024.0000
  590000        1 x  C626                                  7512.0000
 Total number of molecules:           3
 Total number of atoms:            3026
 Total system mass:           135560.000000000     
Iteration    Freq.   Molecular formula                 Molecular mass
  600000        2 x  S800Mo400                            64024.0000
  600000        1 x  C626                                  7512.0000
 Total number of molecules:           3
 Total number of atoms:            3026
 Total system mass:           135560.000000000     
Iteration    Freq.   Molecular formula                 Molecular mass
  610000        2 x  S800Mo400                            64024.0000
  610000        1 x  C626                                  7512.0000
 Total number of molecules:           3
 Total number of atoms:            3026
 Total system mass:           135560.000000000     
Iteration    Freq.   Molecular formula                 Molecular mass
  620000        2 x  S800Mo400                            64024.0000
  620000        1 x  C626                                  7512.0000
 Total number of molecules:           3
 Total number of atoms:            3026
 Total system mass:           135560.000000000     
Iteration    Freq.   Molecular formula                 Molecular mass
  630000        2 x  S800Mo400                            64024.0000
  630000        1 x  C626                                  7512.0000
 Total number of molecules:           3
 Total number of atoms:            3026
 Total system mass:           135560.000000000     
Iteration    Freq.   Molecular formula                 Molecular mass
  640000        2 x  S800Mo400                            64024.0000
  640000        1 x  C626                                  7512.0000
 Total number of molecules:           3
 Total number of atoms:            3026
 Total system mass:           135560.000000000     
Iteration    Freq.   Molecular formula                 Molecular mass
  650000        2 x  S800Mo400                            64024.0000
  650000        1 x  C626                                  7512.0000
 Total number of molecules:           3
 Total number of atoms:            3026
 Total system mass:           135560.000000000     
Iteration    Freq.   Molecular formula                 Molecular mass
  660000        2 x  S800Mo400                            64024.0000
  660000        1 x  C626                                  7512.0000
 Total number of molecules:           3
 Total number of atoms:            3026
 Total system mass:           135560.000000000     
Iteration    Freq.   Molecular formula                 Molecular mass
  670000        2 x  S800Mo400                            64024.0000
  670000        1 x  C626                                  7512.0000
 Total number of molecules:           3
 Total number of atoms:            3026
 Total system mass:           135560.000000000     
Iteration    Freq.   Molecular formula                 Molecular mass
  680000        2 x  S800Mo400                            64024.0000
  680000        1 x  C626                                  7512.0000
 Total number of molecules:           3
 Total number of atoms:            3026
 Total system mass:           135560.000000000     
Iteration    Freq.   Molecular formula                 Molecular mass
  690000        2 x  S800Mo400                            64024.0000
  690000        1 x  C626                                  7512.0000
 Total number of molecules:           3
 Total number of atoms:            3026
 Total system mass:           135560.000000000     
Iteration    Freq.   Molecular formula                 Molecular mass
  700000        2 x  S800Mo400                            64024.0000
  700000        1 x  C626                                  7512.0000
 Total number of molecules:           3
 Total number of atoms:            3026
 Total system mass:           135560.000000000     
Iteration    Freq.   Molecular formula                 Molecular mass
  710000        2 x  S800Mo400                            64024.0000
  710000        1 x  C626                                  7512.0000
 Total number of molecules:           3
 Total number of atoms:            3026
 Total system mass:           135560.000000000     
Iteration    Freq.   Molecular formula                 Molecular mass
  720000        2 x  S800Mo400                            64024.0000
  720000        1 x  C626                                  7512.0000
 Total number of molecules:           3
 Total number of atoms:            3026
 Total system mass:           135560.000000000     
Iteration    Freq.   Molecular formula                 Molecular mass
  730000        2 x  S800Mo400                            64024.0000
  730000        1 x  C626                                  7512.0000
 Total number of molecules:           3
 Total number of atoms:            3026
 Total system mass:           135560.000000000     
Iteration    Freq.   Molecular formula                 Molecular mass
  740000        2 x  S800Mo400                            64024.0000
  740000        1 x  C626                                  7512.0000
 Total number of molecules:           3
 Total number of atoms:            3026
 Total system mass:           135560.000000000     
Iteration    Freq.   Molecular formula                 Molecular mass
  750000        2 x  S800Mo400                            64024.0000
  750000        1 x  C626                                  7512.0000
 Total number of molecules:           3
 Total number of atoms:            3026
 Total system mass:           135560.000000000     
Iteration    Freq.   Molecular formula                 Molecular mass
  760000        2 x  S800Mo400                            64024.0000
  760000        1 x  C626                                  7512.0000
 Total number of molecules:           3
 Total number of atoms:            3026
 Total system mass:           135560.000000000     
Iteration    Freq.   Molecular formula                 Molecular mass
  770000        2 x  S800Mo400                            64024.0000
  770000        1 x  C626                                  7512.0000
 Total number of molecules:           3
 Total number of atoms:            3026
 Total system mass:           135560.000000000     
Iteration    Freq.   Molecular formula                 Molecular mass
  780000        2 x  S800Mo400                            64024.0000
  780000        1 x  C626                                  7512.0000
 Total number of molecules:           3
 Total number of atoms:            3026
 Total system mass:           135560.000000000     
Iteration    Freq.   Molecular formula                 Molecular mass
  790000        2 x  S800Mo400                            64024.0000
  790000        1 x  C626                                  7512.0000
 Total number of molecules:           3
 Total number of atoms:            3026
 Total system mass:           135560.000000000     
Iteration    Freq.   Molecular formula                 Molecular mass
  800000        2 x  S800Mo400                            64024.0000
  800000        1 x  C626                                  7512.0000
 Total number of molecules:           3
 Total number of atoms:            3026
 Total system mass:           135560.000000000     
Iteration    Freq.   Molecular formula                 Molecular mass
  810000        2 x  S800Mo400                            64024.0000
  810000        1 x  C626                                  7512.0000
 Total number of molecules:           3
 Total number of atoms:            3026
 Total system mass:           135560.000000000     
Iteration    Freq.   Molecular formula                 Molecular mass
  820000        2 x  S800Mo400                            64024.0000
  820000        1 x  C626                                  7512.0000
 Total number of molecules:           3
 Total number of atoms:            3026
 Total system mass:           135560.000000000     
Iteration    Freq.   Molecular formula                 Molecular mass
  830000        2 x  S800Mo400                            64024.0000
  830000        1 x  C626                                  7512.0000
 Total number of molecules:           3
 Total number of atoms:            3026
 Total system mass:           135560.000000000     
Iteration    Freq.   Molecular formula                 Molecular mass
  840000        2 x  S800Mo400                            64024.0000
  840000        1 x  C626                                  7512.0000
 Total number of molecules:           3
 Total number of atoms:            3026
 Total system mass:           135560.000000000     
Iteration    Freq.   Molecular formula                 Molecular mass
  850000        2 x  S800Mo400                            64024.0000
  850000        1 x  C626                                  7512.0000
 Total number of molecules:           3
 Total number of atoms:            3026
 Total system mass:           135560.000000000     
Iteration    Freq.   Molecular formula                 Molecular mass
  860000        2 x  S800Mo400                            64024.0000
  860000        1 x  C626                                  7512.0000
 Total number of molecules:           3
 Total number of atoms:            3026
 Total system mass:           135560.000000000     
Iteration    Freq.   Molecular formula                 Molecular mass
  870000        2 x  S800Mo400                            64024.0000
  870000        1 x  C626                                  7512.0000
 Total number of molecules:           3
 Total number of atoms:            3026
 Total system mass:           135560.000000000     
Iteration    Freq.   Molecular formula                 Molecular mass
  880000        2 x  S800Mo400                            64024.0000
  880000        1 x  C626                                  7512.0000
 Total number of molecules:           3
 Total number of atoms:            3026
 Total system mass:           135560.000000000     
Iteration    Freq.   Molecular formula                 Molecular mass
  890000        2 x  S800Mo400                            64024.0000
  890000        1 x  C626                                  7512.0000
 Total number of molecules:           3
 Total number of atoms:            3026
 Total system mass:           135560.000000000     
Iteration    Freq.   Molecular formula                 Molecular mass
  900000        2 x  S800Mo400                            64024.0000
  900000        1 x  C626                                  7512.0000
 Total number of molecules:           3
 Total number of atoms:            3026
 Total system mass:           135560.000000000     
Iteration    Freq.   Molecular formula                 Molecular mass
  910000        2 x  S800Mo400                            64024.0000
  910000        1 x  C626                                  7512.0000
 Total number of molecules:           3
 Total number of atoms:            3026
 Total system mass:           135560.000000000     
Iteration    Freq.   Molecular formula                 Molecular mass
  920000        2 x  S800Mo400                            64024.0000
  920000        1 x  C626                                  7512.0000
 Total number of molecules:           3
 Total number of atoms:            3026
 Total system mass:           135560.000000000     
Iteration    Freq.   Molecular formula                 Molecular mass
  930000        2 x  S800Mo400                            64024.0000
  930000        1 x  C626                                  7512.0000
 Total number of molecules:           3
 Total number of atoms:            3026
 Total system mass:           135560.000000000     
Iteration    Freq.   Molecular formula                 Molecular mass
  940000        2 x  S800Mo400                            64024.0000
  940000        1 x  C626                                  7512.0000
 Total number of molecules:           3
 Total number of atoms:            3026
 Total system mass:           135560.000000000     
Iteration    Freq.   Molecular formula                 Molecular mass
  950000        2 x  S800Mo400                            64024.0000
  950000        1 x  C626                                  7512.0000
 Total number of molecules:           3
 Total number of atoms:            3026
 Total system mass:           135560.000000000     
Iteration    Freq.   Molecular formula                 Molecular mass
  960000        2 x  S800Mo400                            64024.0000
  960000        1 x  C626                                  7512.0000
 Total number of molecules:           3
 Total number of atoms:            3026
 Total system mass:           135560.000000000     
Iteration    Freq.   Molecular formula                 Molecular mass
  970000        2 x  S800Mo400                            64024.0000
  970000        1 x  C626                                  7512.0000
 Total number of molecules:           3
 Total number of atoms:            3026
 Total system mass:           135560.000000000     
Iteration    Freq.   Molecular formula                 Molecular mass
  980000        2 x  S800Mo400                            64024.0000
  980000        1 x  C626                                  7512.0000
 Total number of molecules:           3
 Total number of atoms:            3026
 Total system mass:           135560.000000000     
Iteration    Freq.   Molecular formula                 Molecular mass
  990000        2 x  S800Mo400                            64024.0000
  990000        1 x  C626                                  7512.0000
 Total number of molecules:           3
 Total number of atoms:            3026
 Total system mass:           135560.000000000     
Iteration    Freq.   Molecular formula                 Molecular mass
 1000000        2 x  S800Mo400                            64024.0000
 1000000        1 x  C626                                  7512.0000
 Total number of molecules:           3
 Total number of atoms:            3026
 Total system mass:           135560.000000000     
