Bond order cutoff:0.3000
Iteration    Freq.   Molecular formula                 Molecular mass
       0        2 x  S800Mo400                            64024.0000
       0        1 x  C626                                  7512.0000
 Total number of molecules:           3
 Total number of atoms:            3026
 Total system mass:           135560.000000000     
Iteration    Freq.   Molecular formula                 Molecular mass
       1        2 x  S800Mo400                            64024.0000
       1        1 x  C626                                  7512.0000
 Total number of molecules:           3
 Total number of atoms:            3026
 Total system mass:           135560.000000000     
Iteration    Freq.   Molecular formula                 Molecular mass
       2        2 x  S800Mo400                            64024.0000
       2        1 x  C626                                  7512.0000
 Total number of molecules:           3
 Total number of atoms:            3026
 Total system mass:           135560.000000000     
Iteration    Freq.   Molecular formula                 Molecular mass
       3        2 x  S800Mo400                            64024.0000
       3        1 x  C626                                  7512.0000
 Total number of molecules:           3
 Total number of atoms:            3026
 Total system mass:           135560.000000000     
Iteration    Freq.   Molecular formula                 Molecular mass
       4        2 x  S800Mo400                            64024.0000
       4        1 x  C626                                  7512.0000
 Total number of molecules:           3
 Total number of atoms:            3026
 Total system mass:           135560.000000000     
Iteration    Freq.   Molecular formula                 Molecular mass
       5        2 x  S800Mo400                            64024.0000
       5        1 x  C626                                  7512.0000
 Total number of molecules:           3
 Total number of atoms:            3026
 Total system mass:           135560.000000000     
Iteration    Freq.   Molecular formula                 Molecular mass
       6        2 x  S800Mo400                            64024.0000
       6        1 x  C626                                  7512.0000
 Total number of molecules:           3
 Total number of atoms:            3026
 Total system mass:           135560.000000000     
Iteration    Freq.   Molecular formula                 Molecular mass
       7        2 x  S800Mo400                            64024.0000
       7        1 x  C626                                  7512.0000
 Total number of molecules:           3
 Total number of atoms:            3026
 Total system mass:           135560.000000000     
Iteration    Freq.   Molecular formula                 Molecular mass
       8        2 x  S800Mo400                            64024.0000
       8        1 x  C626                                  7512.0000
 Total number of molecules:           3
 Total number of atoms:            3026
 Total system mass:           135560.000000000     
Iteration    Freq.   Molecular formula                 Molecular mass
      14        2 x  S800Mo400                            64024.0000
      14        1 x  C626                                  7512.0000
 Total number of molecules:           3
 Total number of atoms:            3026
 Total system mass:           135560.000000000     
Iteration    Freq.   Molecular formula                 Molecular mass
      16        2 x  S800Mo400                            64024.0000
      16        1 x  C626                                  7512.0000
 Total number of molecules:           3
 Total number of atoms:            3026
 Total system mass:           135560.000000000     
Iteration    Freq.   Molecular formula                 Molecular mass
      17        2 x  S800Mo400                            64024.0000
      17        1 x  C626                                  7512.0000
 Total number of molecules:           3
 Total number of atoms:            3026
 Total system mass:           135560.000000000     
Iteration    Freq.   Molecular formula                 Molecular mass
      18        2 x  S800Mo400                            64024.0000
      18        1 x  C626                                  7512.0000
 Total number of molecules:           3
 Total number of atoms:            3026
 Total system mass:           135560.000000000     
Iteration    Freq.   Molecular formula                 Molecular mass
      21        2 x  S800Mo400                            64024.0000
      21        1 x  C626                                  7512.0000
 Total number of molecules:           3
 Total number of atoms:            3026
 Total system mass:           135560.000000000     
Iteration    Freq.   Molecular formula                 Molecular mass
      22        2 x  S800Mo400                            64024.0000
      22        1 x  C626                                  7512.0000
 Total number of molecules:           3
 Total number of atoms:            3026
 Total system mass:           135560.000000000     
Iteration    Freq.   Molecular formula                 Molecular mass
      23        2 x  S800Mo400                            64024.0000
      23        1 x  C626                                  7512.0000
 Total number of molecules:           3
 Total number of atoms:            3026
 Total system mass:           135560.000000000     
Iteration    Freq.   Molecular formula                 Molecular mass
      24        2 x  S800Mo400                            64024.0000
      24        1 x  C626                                  7512.0000
 Total number of molecules:           3
 Total number of atoms:            3026
 Total system mass:           135560.000000000     
Iteration    Freq.   Molecular formula                 Molecular mass
      25        2 x  S800Mo400                            64024.0000
      25        1 x  C626                                  7512.0000
 Total number of molecules:           3
 Total number of atoms:            3026
 Total system mass:           135560.000000000     
Iteration    Freq.   Molecular formula                 Molecular mass
      26        2 x  S800Mo400                            64024.0000
      26        1 x  C626                                  7512.0000
 Total number of molecules:           3
 Total number of atoms:            3026
 Total system mass:           135560.000000000     
Iteration    Freq.   Molecular formula                 Molecular mass
      27        2 x  S800Mo400                            64024.0000
      27        1 x  C626                                  7512.0000
 Total number of molecules:           3
 Total number of atoms:            3026
 Total system mass:           135560.000000000     
Iteration    Freq.   Molecular formula                 Molecular mass
      28        2 x  S800Mo400                            64024.0000
      28        1 x  C626                                  7512.0000
 Total number of molecules:           3
 Total number of atoms:            3026
 Total system mass:           135560.000000000     
Iteration    Freq.   Molecular formula                 Molecular mass
      29        2 x  S800Mo400                            64024.0000
      29        1 x  C626                                  7512.0000
 Total number of molecules:           3
 Total number of atoms:            3026
 Total system mass:           135560.000000000     
Iteration    Freq.   Molecular formula                 Molecular mass
      31        2 x  S800Mo400                            64024.0000
      31        1 x  C626                                  7512.0000
 Total number of molecules:           3
 Total number of atoms:            3026
 Total system mass:           135560.000000000     
Iteration    Freq.   Molecular formula                 Molecular mass
      32        2 x  S800Mo400                            64024.0000
      32        1 x  C626                                  7512.0000
 Total number of molecules:           3
 Total number of atoms:            3026
 Total system mass:           135560.000000000     
Iteration    Freq.   Molecular formula                 Molecular mass
      33        2 x  S800Mo400                            64024.0000
      33        1 x  C626                                  7512.0000
 Total number of molecules:           3
 Total number of atoms:            3026
 Total system mass:           135560.000000000     
Iteration    Freq.   Molecular formula                 Molecular mass
      35        2 x  S800Mo400                            64024.0000
      35        1 x  C626                                  7512.0000
 Total number of molecules:           3
 Total number of atoms:            3026
 Total system mass:           135560.000000000     
Iteration    Freq.   Molecular formula                 Molecular mass
      37        2 x  S800Mo400                            64024.0000
      37        1 x  C626                                  7512.0000
 Total number of molecules:           3
 Total number of atoms:            3026
 Total system mass:           135560.000000000     
Iteration    Freq.   Molecular formula                 Molecular mass
      38        2 x  S800Mo400                            64024.0000
      38        1 x  C626                                  7512.0000
 Total number of molecules:           3
 Total number of atoms:            3026
 Total system mass:           135560.000000000     
Iteration    Freq.   Molecular formula                 Molecular mass
      43        2 x  S800Mo400                            64024.0000
      43        1 x  C626                                  7512.0000
 Total number of molecules:           3
 Total number of atoms:            3026
 Total system mass:           135560.000000000     
Iteration    Freq.   Molecular formula                 Molecular mass
      45        2 x  S800Mo400                            64024.0000
      45        1 x  C626                                  7512.0000
 Total number of molecules:           3
 Total number of atoms:            3026
 Total system mass:           135560.000000000     
Iteration    Freq.   Molecular formula                 Molecular mass
      49        2 x  S800Mo400                            64024.0000
      49        1 x  C626                                  7512.0000
 Total number of molecules:           3
 Total number of atoms:            3026
 Total system mass:           135560.000000000     
Iteration    Freq.   Molecular formula                 Molecular mass
      51        2 x  S800Mo400                            64024.0000
      51        1 x  C626                                  7512.0000
 Total number of molecules:           3
 Total number of atoms:            3026
 Total system mass:           135560.000000000     
Iteration    Freq.   Molecular formula                 Molecular mass
      52        2 x  S800Mo400                            64024.0000
      52        1 x  C626                                  7512.0000
 Total number of molecules:           3
 Total number of atoms:            3026
 Total system mass:           135560.000000000     
Iteration    Freq.   Molecular formula                 Molecular mass
      56        2 x  S800Mo400                            64024.0000
      56        1 x  C626                                  7512.0000
 Total number of molecules:           3
 Total number of atoms:            3026
 Total system mass:           135560.000000000     
Iteration    Freq.   Molecular formula                 Molecular mass
      57        2 x  S800Mo400                            64024.0000
      57        1 x  C626                                  7512.0000
 Total number of molecules:           3
 Total number of atoms:            3026
 Total system mass:           135560.000000000     
Iteration    Freq.   Molecular formula                 Molecular mass
      58        2 x  S800Mo400                            64024.0000
      58        1 x  C626                                  7512.0000
 Total number of molecules:           3
 Total number of atoms:            3026
 Total system mass:           135560.000000000     
Iteration    Freq.   Molecular formula                 Molecular mass
      59        2 x  S800Mo400                            64024.0000
      59        1 x  C626                                  7512.0000
 Total number of molecules:           3
 Total number of atoms:            3026
 Total system mass:           135560.000000000     
Iteration    Freq.   Molecular formula                 Molecular mass
      60        2 x  S800Mo400                            64024.0000
      60        1 x  C626                                  7512.0000
 Total number of molecules:           3
 Total number of atoms:            3026
 Total system mass:           135560.000000000     
Iteration    Freq.   Molecular formula                 Molecular mass
      62        2 x  S800Mo400                            64024.0000
      62        1 x  C626                                  7512.0000
 Total number of molecules:           3
 Total number of atoms:            3026
 Total system mass:           135560.000000000     
Iteration    Freq.   Molecular formula                 Molecular mass
      63        2 x  S800Mo400                            64024.0000
      63        1 x  C626                                  7512.0000
 Total number of molecules:           3
 Total number of atoms:            3026
 Total system mass:           135560.000000000     
Iteration    Freq.   Molecular formula                 Molecular mass
      64        2 x  S800Mo400                            64024.0000
      64        1 x  C626                                  7512.0000
 Total number of molecules:           3
 Total number of atoms:            3026
 Total system mass:           135560.000000000     
Iteration    Freq.   Molecular formula                 Molecular mass
      65        2 x  S800Mo400                            64024.0000
      65        1 x  C626                                  7512.0000
 Total number of molecules:           3
 Total number of atoms:            3026
 Total system mass:           135560.000000000     
Iteration    Freq.   Molecular formula                 Molecular mass
      70        2 x  S800Mo400                            64024.0000
      70        1 x  C626                                  7512.0000
 Total number of molecules:           3
 Total number of atoms:            3026
 Total system mass:           135560.000000000     
Iteration    Freq.   Molecular formula                 Molecular mass
      71        2 x  S800Mo400                            64024.0000
      71        1 x  C626                                  7512.0000
 Total number of molecules:           3
 Total number of atoms:            3026
 Total system mass:           135560.000000000     
Iteration    Freq.   Molecular formula                 Molecular mass
      72        2 x  S800Mo400                            64024.0000
      72        1 x  C626                                  7512.0000
 Total number of molecules:           3
 Total number of atoms:            3026
 Total system mass:           135560.000000000     
Iteration    Freq.   Molecular formula                 Molecular mass
      73        2 x  S800Mo400                            64024.0000
      73        1 x  C626                                  7512.0000
 Total number of molecules:           3
 Total number of atoms:            3026
 Total system mass:           135560.000000000     
Iteration    Freq.   Molecular formula                 Molecular mass
      74        2 x  S800Mo400                            64024.0000
      74        1 x  C626                                  7512.0000
 Total number of molecules:           3
 Total number of atoms:            3026
 Total system mass:           135560.000000000     
Iteration    Freq.   Molecular formula                 Molecular mass
      78        2 x  S800Mo400                            64024.0000
      78        1 x  C626                                  7512.0000
 Total number of molecules:           3
 Total number of atoms:            3026
 Total system mass:           135560.000000000     
Iteration    Freq.   Molecular formula                 Molecular mass
      79        2 x  S800Mo400                            64024.0000
      79        1 x  C626                                  7512.0000
 Total number of molecules:           3
 Total number of atoms:            3026
 Total system mass:           135560.000000000     
Iteration    Freq.   Molecular formula                 Molecular mass
      80        2 x  S800Mo400                            64024.0000
      80        1 x  C626                                  7512.0000
 Total number of molecules:           3
 Total number of atoms:            3026
 Total system mass:           135560.000000000     
Iteration    Freq.   Molecular formula                 Molecular mass
      81        2 x  S800Mo400                            64024.0000
      81        1 x  C626                                  7512.0000
 Total number of molecules:           3
 Total number of atoms:            3026
 Total system mass:           135560.000000000     
Iteration    Freq.   Molecular formula                 Molecular mass
      83        2 x  S800Mo400                            64024.0000
      83        1 x  C626                                  7512.0000
 Total number of molecules:           3
 Total number of atoms:            3026
 Total system mass:           135560.000000000     
Iteration    Freq.   Molecular formula                 Molecular mass
      84        2 x  S800Mo400                            64024.0000
      84        1 x  C626                                  7512.0000
 Total number of molecules:           3
 Total number of atoms:            3026
 Total system mass:           135560.000000000     
Iteration    Freq.   Molecular formula                 Molecular mass
      90        2 x  S800Mo400                            64024.0000
      90        1 x  C626                                  7512.0000
 Total number of molecules:           3
 Total number of atoms:            3026
 Total system mass:           135560.000000000     
Iteration    Freq.   Molecular formula                 Molecular mass
     120        2 x  S800Mo400                            64024.0000
     120        1 x  C626                                  7512.0000
 Total number of molecules:           3
 Total number of atoms:            3026
 Total system mass:           135560.000000000     
Iteration    Freq.   Molecular formula                 Molecular mass
     130        2 x  S800Mo400                            64024.0000
     130        1 x  C626                                  7512.0000
 Total number of molecules:           3
 Total number of atoms:            3026
 Total system mass:           135560.000000000     
Iteration    Freq.   Molecular formula                 Molecular mass
     214        2 x  S800Mo400                            64024.0000
     214        1 x  C626                                  7512.0000
 Total number of molecules:           3
 Total number of atoms:            3026
 Total system mass:           135560.000000000     
Iteration    Freq.   Molecular formula                 Molecular mass
     224        2 x  S800Mo400                            64024.0000
     224        1 x  C626                                  7512.0000
 Total number of molecules:           3
 Total number of atoms:            3026
 Total system mass:           135560.000000000     
Iteration    Freq.   Molecular formula                 Molecular mass
     278        2 x  S800Mo400                            64024.0000
     278        1 x  C626                                  7512.0000
 Total number of molecules:           3
 Total number of atoms:            3026
 Total system mass:           135560.000000000     
Iteration    Freq.   Molecular formula                 Molecular mass
     420        2 x  S800Mo400                            64024.0000
     420        1 x  C626                                  7512.0000
 Total number of molecules:           3
 Total number of atoms:            3026
 Total system mass:           135560.000000000     
Iteration    Freq.   Molecular formula                 Molecular mass
    1000        2 x  S800Mo400                            64024.0000
    1000        1 x  C626                                  7512.0000
 Total number of molecules:           3
 Total number of atoms:            3026
 Total system mass:           135560.000000000     
Iteration    Freq.   Molecular formula                 Molecular mass
    2000        2 x  S800Mo400                            64024.0000
    2000        1 x  C626                                  7512.0000
 Total number of molecules:           3
 Total number of atoms:            3026
 Total system mass:           135560.000000000     
Iteration    Freq.   Molecular formula                 Molecular mass
    3000        2 x  S800Mo400                            64024.0000
    3000        1 x  C626                                  7512.0000
 Total number of molecules:           3
 Total number of atoms:            3026
 Total system mass:           135560.000000000     
Iteration    Freq.   Molecular formula                 Molecular mass
    4000        2 x  S800Mo400                            64024.0000
    4000        1 x  C626                                  7512.0000
 Total number of molecules:           3
 Total number of atoms:            3026
 Total system mass:           135560.000000000     
Iteration    Freq.   Molecular formula                 Molecular mass
    5000        2 x  S800Mo400                            64024.0000
    5000        1 x  C626                                  7512.0000
 Total number of molecules:           3
 Total number of atoms:            3026
 Total system mass:           135560.000000000     
Iteration    Freq.   Molecular formula                 Molecular mass
    5099        2 x  S800Mo400                            64024.0000
    5099        1 x  C626                                  7512.0000
 Total number of molecules:           3
 Total number of atoms:            3026
 Total system mass:           135560.000000000     
